Determining if the pthread_create exist failed with the following output:
Change Dir: /home/viki/catkin_ws/build/CMakeFiles/CMakeTmp

Run Build Command:/usr/bin/make "cmTryCompileExec443159290/fast"
/usr/bin/make -f CMakeFiles/cmTryCompileExec443159290.dir/build.make CMakeFiles/cmTryCompileExec443159290.dir/build
make[1]: Entering directory `/home/viki/catkin_ws/build/CMakeFiles/CMakeTmp'
/usr/bin/cmake -E cmake_progress_report /home/viki/catkin_ws/build/CMakeFiles/CMakeTmp/CMakeFiles 1
Building C object CMakeFiles/cmTryCompileExec443159290.dir/CheckSymbolExists.c.o
/usr/bin/cc    -o CMakeFiles/cmTryCompileExec443159290.dir/CheckSymbolExists.c.o   -c /home/viki/catkin_ws/build/CMakeFiles/CMakeTmp/CheckSymbolExists.c
Linking C executable cmTryCompileExec443159290
/usr/bin/cmake -E cmake_link_script CMakeFiles/cmTryCompileExec443159290.dir/link.txt --verbose=1
/usr/bin/cc       CMakeFiles/cmTryCompileExec443159290.dir/CheckSymbolExists.c.o  -o cmTryCompileExec443159290 -rdynamic 
CMakeFiles/cmTryCompileExec443159290.dir/CheckSymbolExists.c.o: In function `main':
CheckSymbolExists.c:(.text+0x16): undefined reference to `pthread_create'
collect2: error: ld returned 1 exit status
make[1]: Leaving directory `/home/viki/catkin_ws/build/CMakeFiles/CMakeTmp'
make[1]: *** [cmTryCompileExec443159290] Error 1
make: *** [cmTryCompileExec443159290/fast] Error 2

File /home/viki/catkin_ws/build/CMakeFiles/CMakeTmp/CheckSymbolExists.c:
/* */
#include <pthread.h>

int main(int argc, char** argv)
{
  (void)argv;
#ifndef pthread_create
  return ((int*)(&pthread_create))[argc];
#else
  (void)argc;
  return 0;
#endif
}

Determining if the function pthread_create exists in the pthreads failed with the following output:
Change Dir: /home/viki/catkin_ws/build/CMakeFiles/CMakeTmp

Run Build Command:/usr/bin/make "cmTryCompileExec150116838/fast"
/usr/bin/make -f CMakeFiles/cmTryCompileExec150116838.dir/build.make CMakeFiles/cmTryCompileExec150116838.dir/build
make[1]: Entering directory `/home/viki/catkin_ws/build/CMakeFiles/CMakeTmp'
/usr/bin/cmake -E cmake_progress_report /home/viki/catkin_ws/build/CMakeFiles/CMakeTmp/CMakeFiles 1
Building C object CMakeFiles/cmTryCompileExec150116838.dir/CheckFunctionExists.c.o
/usr/bin/cc   -DCHECK_FUNCTION_EXISTS=pthread_create   -o CMakeFiles/cmTryCompileExec150116838.dir/CheckFunctionExists.c.o   -c /usr/share/cmake-2.8/Modules/CheckFunctionExists.c
Linking C executable cmTryCompileExec150116838
/usr/bin/cmake -E cmake_link_script CMakeFiles/cmTryCompileExec150116838.dir/link.txt --verbose=1
/usr/bin/cc   -DCHECK_FUNCTION_EXISTS=pthread_create    CMakeFiles/cmTryCompileExec150116838.dir/CheckFunctionExists.c.o  -o cmTryCompileExec150116838 -rdynamic -lpthreads 
/usr/bin/ld: cannot find -lpthreads
collect2: error: ld returned 1 exit status
make[1]: Leaving directory `/home/viki/catkin_ws/build/CMakeFiles/CMakeTmp'
make[1]: *** [cmTryCompileExec150116838] Error 1
make: *** [cmTryCompileExec150116838/fast] Error 2


